<?xml version="1.0" encoding="UTF-8"?>
<!-- Generated by org.testng.reporters.JUnitReportReporter -->
<testsuite hostname="DESKTOP-UVCNVNR" failures="0" tests="2" name="Testbasics.BasicAnnotation" time="0.026" errors="0" timestamp="2024-04-29T21:52:43 IST" skipped="0">
  <testcase classname="Testbasics.BasicAnnotation" name="testcase_1" time="0.013"/>
  <testcase classname="Testbasics.BasicAnnotation" name="testcase_2" time="0.013"/>
</testsuite> <!-- Testbasics.BasicAnnotation -->
