<?xml version="1.0" encoding="UTF-8"?>
<!-- Generated by org.testng.reporters.JUnitReportReporter -->
<testsuite hostname="DESKTOP-UVCNVNR" failures="0" tests="2" name="Testbasics.Assign2" time="32.197" errors="0" timestamp="2024-05-06T16:44:05 IST" skipped="0">
  <testcase classname="Testbasics.Assign2" name="verify_enabled" time="16.319"/>
  <testcase classname="Testbasics.Assign2" name="verify_selected" time="15.878"/>
</testsuite> <!-- Testbasics.Assign2 -->
