<?xml version="1.0" encoding="UTF-8"?>
<!-- Generated by org.testng.reporters.JUnitReportReporter -->
<testsuite hostname="DESKTOP-UVCNVNR" failures="0" tests="3" name="Testbasics.Assign1" time="28.353" errors="0" timestamp="2024-05-04T08:30:51 IST" skipped="0">
  <testcase classname="Testbasics.Assign1" name="Verifybutton_text" time="11.804"/>
  <testcase classname="Testbasics.Assign1" name="verify_text" time="7.465"/>
  <testcase classname="Testbasics.Assign1" name="verify_showmessage" time="9.084"/>
</testsuite> <!-- Testbasics.Assign1 -->
