<?xml version="1.0" encoding="UTF-8"?>
<!-- Generated by org.testng.reporters.JUnitReportReporter -->
<testsuite hostname="DESKTOP-UVCNVNR" failures="0" tests="2" name="Testbasics.Assign6" time="32.102" errors="0" timestamp="2024-05-06T16:44:05 IST" skipped="0">
  <testcase classname="Testbasics.Assign6" name="verifyform_fill" time="15.636"/>
  <testcase classname="Testbasics.Assign6" name="verifyform_fill" time="16.466"/>
</testsuite> <!-- Testbasics.Assign6 -->
