<?xml version="1.0" encoding="UTF-8"?>
<!-- Generated by org.testng.reporters.JUnitReportReporter -->
<testsuite hostname="DESKTOP-UVCNVNR" failures="0" tests="1" name="Testbasics.Assign4" time="9.703" errors="0" timestamp="2024-05-02T08:03:05 IST" skipped="0">
  <testcase classname="Testbasics.Assign4" name="verifyheaderand_name" time="9.703"/>
</testsuite> <!-- Testbasics.Assign4 -->
